<?xml version="1.0" encoding="UTF-8" ?>
<testsuite tests="9" failures="0" name="modules.SightingTest" time="2.054" errors="0" skipped="0">
  <properties>
    <property name="java.runtime.name" value="OpenJDK Runtime Environment"/>
    <property name="sun.boot.library.path" value="/home/kevin/.sdkman/candidates/java/8.0.282.hs-adpt/jre/lib/amd64"/>
    <property name="java.vm.version" value="25.282-b08"/>
    <property name="java.vm.vendor" value="AdoptOpenJDK"/>
    <property name="maven.multiModuleProjectDirectory" value="/home/kevin/IdeaProjects/wildlife-animals"/>
    <property name="java.vendor.url" value="https://adoptopenjdk.net/"/>
    <property name="path.separator" value=":"/>
    <property name="guice.disable.misplaced.annotation.check" value="true"/>
    <property name="java.vm.name" value="OpenJDK 64-Bit Server VM"/>
    <property name="file.encoding.pkg" value="sun.io"/>
    <property name="user.country" value="US"/>
    <property name="sun.java.launcher" value="SUN_STANDARD"/>
    <property name="sun.os.patch.level" value="unknown"/>
    <property name="java.vm.specification.name" value="Java Virtual Machine Specification"/>
    <property name="user.dir" value="/home/kevin/IdeaProjects/wildlife-animals"/>
    <property name="java.runtime.version" value="1.8.0_282-b08"/>
    <property name="java.awt.graphicsenv" value="sun.awt.X11GraphicsEnvironment"/>
    <property name="java.endorsed.dirs" value="/home/kevin/.sdkman/candidates/java/8.0.282.hs-adpt/jre/lib/endorsed"/>
    <property name="os.arch" value="amd64"/>
    <property name="java.io.tmpdir" value="/tmp"/>
    <property name="line.separator" value="
"/>
    <property name="java.vm.specification.vendor" value="Oracle Corporation"/>
    <property name="os.name" value="Linux"/>
    <property name="classworlds.conf" value="/usr/share/maven/bin/m2.conf"/>
    <property name="sun.jnu.encoding" value="UTF-8"/>
    <property name="java.library.path" value="/usr/java/packages/lib/amd64:/usr/lib64:/lib64:/lib:/usr/lib"/>
    <property name="maven.conf" value="/usr/share/maven/conf"/>
    <property name="java.specification.name" value="Java Platform API Specification"/>
    <property name="java.class.version" value="52.0"/>
    <property name="sun.management.compiler" value="HotSpot 64-Bit Tiered Compilers"/>
    <property name="os.version" value="5.8.0-50-generic"/>
    <property name="library.jansi.path" value="/usr/share/maven/lib/jansi-native"/>
    <property name="user.home" value="/home/kevin"/>
    <property name="user.timezone" value="Africa/Nairobi"/>
    <property name="java.awt.printerjob" value="sun.print.PSPrinterJob"/>
    <property name="java.specification.version" value="1.8"/>
    <property name="file.encoding" value="UTF-8"/>
    <property name="user.name" value="kevin"/>
    <property name="java.class.path" value="/usr/share/maven/boot/plexus-classworlds-2.x.jar"/>
    <property name="java.vm.specification.version" value="1.8"/>
    <property name="sun.arch.data.model" value="64"/>
    <property name="java.home" value="/home/kevin/.sdkman/candidates/java/8.0.282.hs-adpt/jre"/>
    <property name="sun.java.command" value="org.codehaus.plexus.classworlds.launcher.Launcher heroku:deploy"/>
    <property name="java.specification.vendor" value="Oracle Corporation"/>
    <property name="user.language" value="en"/>
    <property name="awt.toolkit" value="sun.awt.X11.XToolkit"/>
    <property name="java.vm.info" value="mixed mode"/>
    <property name="java.version" value="1.8.0_282"/>
    <property name="java.ext.dirs" value="/home/kevin/.sdkman/candidates/java/8.0.282.hs-adpt/jre/lib/ext:/usr/java/packages/lib/ext"/>
    <property name="securerandom.source" value="file:/dev/./urandom"/>
    <property name="sun.boot.class.path" value="/home/kevin/.sdkman/candidates/java/8.0.282.hs-adpt/jre/lib/resources.jar:/home/kevin/.sdkman/candidates/java/8.0.282.hs-adpt/jre/lib/rt.jar:/home/kevin/.sdkman/candidates/java/8.0.282.hs-adpt/jre/lib/sunrsasign.jar:/home/kevin/.sdkman/candidates/java/8.0.282.hs-adpt/jre/lib/jsse.jar:/home/kevin/.sdkman/candidates/java/8.0.282.hs-adpt/jre/lib/jce.jar:/home/kevin/.sdkman/candidates/java/8.0.282.hs-adpt/jre/lib/charsets.jar:/home/kevin/.sdkman/candidates/java/8.0.282.hs-adpt/jre/lib/jfr.jar:/home/kevin/.sdkman/candidates/java/8.0.282.hs-adpt/jre/classes"/>
    <property name="java.vendor" value="AdoptOpenJDK"/>
    <property name="maven.home" value="/usr/share/maven"/>
    <property name="file.separator" value="/"/>
    <property name="java.vendor.url.bug" value="https://github.com/AdoptOpenJDK/openjdk-support/issues"/>
    <property name="sun.cpu.endian" value="little"/>
    <property name="sun.io.unicode.encoding" value="UnicodeLittle"/>
    <property name="sun.desktop" value="gnome"/>
    <property name="sun.cpu.isalist" value=""/>
  </properties>
  <testcase classname="modules.SightingTest" name="sighting_instantiatesCorrectly_true" time="1.47"/>
  <testcase classname="modules.SightingTest" name="save_insertsObjectIntoDatabase_Sighting" time="0.234"/>
  <testcase classname="modules.SightingTest" name="all_returnsAllInstancesOfSighting_true" time="0.07"/>
  <testcase classname="modules.SightingTest" name="getRanger_sightingInstantiatesWithRanger_Kevin" time="0.004"/>
  <testcase classname="modules.SightingTest" name="getLocation_sightingInstantiatesWithLocation_ZoneA" time="0.004"/>
  <testcase classname="modules.SightingTest" name="equals_returnsTrueIfLocationAndRangerAreSame_true" time="0.004"/>
  <testcase classname="modules.SightingTest" name="find_returnsSightingWithSameId_otherSighting" time="0.125"/>
  <testcase classname="modules.SightingTest" name="delete_deletesSighting_true" time="0.098"/>
  <testcase classname="modules.SightingTest" name="save_assignsIdToObject" time="0.045"/>
</testsuite>